[debug] [2018-05-10T17:28:59.633Z] ----------------------------------------------------------------------
[debug] [2018-05-10T17:28:59.637Z] Command:       /Users/Thomas/.nvm/versions/node/v9.11.1/bin/node /Users/Thomas/.nvm/versions/node/v9.11.1/bin/firebase init
[debug] [2018-05-10T17:28:59.638Z] CLI Version:   3.18.4
[debug] [2018-05-10T17:28:59.638Z] Platform:      darwin
[debug] [2018-05-10T17:28:59.638Z] Node Version:  v9.11.1
[debug] [2018-05-10T17:28:59.639Z] Time:          Thu May 10 2018 11:28:59 GMT-0600 (MDT)
[debug] [2018-05-10T17:28:59.639Z] ----------------------------------------------------------------------
[debug] 
[debug] [2018-05-10T17:28:59.678Z] > command requires scopes: ["email","openid","https://www.googleapis.com/auth/cloudplatformprojects.readonly","https://www.googleapis.com/auth/firebase"]
[debug] [2018-05-10T17:28:59.678Z] > authorizing via signed-in user
[info] 
     🔥🔥🔥🔥🔥🔥🔥🔥 🔥🔥🔥🔥 🔥🔥🔥🔥🔥🔥🔥🔥  🔥🔥🔥🔥🔥🔥🔥🔥 🔥🔥🔥🔥🔥🔥🔥🔥     🔥🔥🔥     🔥🔥🔥🔥🔥🔥  🔥🔥🔥🔥🔥🔥🔥🔥
     🔥🔥        🔥🔥  🔥🔥     🔥🔥 🔥🔥       🔥🔥     🔥🔥  🔥🔥   🔥🔥  🔥🔥       🔥🔥
     🔥🔥🔥🔥🔥🔥    🔥🔥  🔥🔥🔥🔥🔥🔥🔥🔥  🔥🔥🔥🔥🔥🔥   🔥🔥🔥🔥🔥🔥🔥🔥  🔥🔥🔥🔥🔥🔥🔥🔥🔥  🔥🔥🔥🔥🔥🔥  🔥🔥🔥🔥🔥🔥
     🔥🔥        🔥🔥  🔥🔥    🔥🔥  🔥🔥       🔥🔥     🔥🔥 🔥🔥     🔥🔥       🔥🔥 🔥🔥
     🔥🔥       🔥🔥🔥🔥 🔥🔥     🔥🔥 🔥🔥🔥🔥🔥🔥🔥🔥 🔥🔥🔥🔥🔥🔥🔥🔥  🔥🔥     🔥🔥  🔥🔥🔥🔥🔥🔥  🔥🔥🔥🔥🔥🔥🔥🔥

You're about to initialize a Firebase project in this directory:

  /Users/Thomas/Desktop/gSchoolSubmissions/bucketTwo/interactive-page/drills/version-2

[info] 
=== Project Setup
[info] 
[info] First, let's associate this project directory with a Firebase project.
[info] You can create multiple project aliases by running firebase use --add, 
[info] but for now we'll just set up a default project.
[info] 
[debug] [2018-05-10T17:29:03.780Z] > refreshing access token with scopes: ["email","https://www.googleapis.com/auth/cloudplatformprojects.readonly","https://www.googleapis.com/auth/firebase","openid"]
[debug] [2018-05-10T17:29:03.781Z] >>> HTTP REQUEST POST https://www.googleapis.com/oauth2/v3/token  
 { refresh_token: '1/LmZZIwDlr6lcjfe-Qu2g3dSwG2AHCyd2nGTzE4OUz_A',
  client_id: '563584335869-fgrhgmd47bqnekij5i8b5pr03ho849e6.apps.googleusercontent.com',
  client_secret: 'j9iVZfS8kkCEFUPaAeJV0sAi',
  grant_type: 'refresh_token',
  scope: 'email https://www.googleapis.com/auth/cloudplatformprojects.readonly https://www.googleapis.com/auth/firebase openid' } 
 Thu May 10 2018 11:29:03 GMT-0600 (MDT)
[debug] [2018-05-10T17:29:03.973Z] <<< HTTP RESPONSE 200
[debug] [2018-05-10T17:29:04.114Z] >>> HTTP REQUEST GET https://admin.firebase.com/v1/projects  
  
 Thu May 10 2018 11:29:04 GMT-0600 (MDT)
[debug] [2018-05-10T17:29:04.573Z] <<< HTTP RESPONSE 200
